Using pre-set license
Built from '2021.1/staging' branch; Version is '2021.1.24f1 (6667702a1e7c) revision 6711152'; Using compiler version '192528614'; Build Type 'Release'
OS: 'Windows 10 Pro; OS build 18362.1256; Version 1903; 64bit' Language: 'en' Physical Memory: 8074 MB
BatchMode: 1, IsHumanControllingUs: 0, StartBugReporterOnCrash: 0, Is64bit: 1, IsPro: 0

COMMAND LINE ARGUMENTS:
C:\Program Files\Unity 2021.1.24f1\Editor\Unity.exe
-adb2
-batchMode
-noUpm
-name
AssetImportWorker0
-projectPath
D:/IRMPROIECT/Escape-Room/EscapeRoom
-logFile
Logs/AssetImportWorker0.log
-srvPort
61980
Successfully changed project path to: D:/IRMPROIECT/Escape-Room/EscapeRoom
D:/IRMPROIECT/Escape-Room/EscapeRoom
Using Asset Import Pipeline V2.
Refreshing native plugins compatible for Editor in 317.34 ms, found 3 plugins.
Preloading 0 native plugins for Editor in 0.00 ms.
Initialize engine version: 2021.1.24f1 (6667702a1e7c)
[Subsystems] Discovering subsystems at path C:/Program Files/Unity 2021.1.24f1/Editor/Data/Resources/UnitySubsystems
[Subsystems] Discovering subsystems at path D:/IRMPROIECT/Escape-Room/EscapeRoom/Assets
GfxDevice: creating device client; threaded=0; jobified=0
Direct3D:
    Version:  Direct3D 11.0 [level 11.1]
    Renderer: NVIDIA GeForce MX150 (ID=0x1d10)
    Vendor:   NVIDIA
    VRAM:     1983 MB
    Driver:   25.21.14.1735
Initialize mono
Mono path[0] = 'C:/Program Files/Unity 2021.1.24f1/Editor/Data/Managed'
Mono path[1] = 'C:/Program Files/Unity 2021.1.24f1/Editor/Data/MonoBleedingEdge/lib/mono/unityjit'
Mono config path = 'C:/Program Files/Unity 2021.1.24f1/Editor/Data/MonoBleedingEdge/etc'
Using monoOptions --debugger-agent=transport=dt_socket,embedding=1,server=y,suspend=n,address=127.0.0.1:56748
Begin MonoManager ReloadAssembly
Registering precompiled unity dll's ...
Register platform support module: C:/Program Files/Unity 2021.1.24f1/Editor/Data/PlaybackEngines/WindowsStandaloneSupport/UnityEditor.WindowsStandalone.Extensions.dll
Registered in 0.002332 seconds.
Native extension for WindowsStandalone target not found
Refreshing native plugins compatible for Editor in 53.85 ms, found 3 plugins.
Preloading 0 native plugins for Editor in 0.00 ms.
Mono: successfully reloaded assembly
- Completed reload, in  3.373 seconds
Domain Reload Profiling:
	ReloadAssembly (3373ms)
		BeginReloadAssembly (148ms)
			ExecutionOrderSort (0ms)
			DisableScriptedObjects (0ms)
			BackupInstance (0ms)
			ReleaseScriptingObjects (0ms)
			CreateAndSetChildDomain (2ms)
		EndReloadAssembly (591ms)
			LoadAssemblies (139ms)
			RebuildTransferFunctionScriptingTraits (0ms)
			SetupTypeCache (223ms)
			ReleaseScriptCaches (0ms)
			RebuildScriptCaches (45ms)
			SetupLoadedEditorAssemblies (261ms)
				LogAssemblyErrors (0ms)
				InitializePlatformSupportModulesInManaged (8ms)
				SetLoadedEditorAssemblies (0ms)
				RefreshPlugins (54ms)
				BeforeProcessingInitializeOnLoad (2ms)
				ProcessInitializeOnLoadAttributes (137ms)
				ProcessInitializeOnLoadMethodAttributes (59ms)
				AfterProcessingInitializeOnLoad (0ms)
				EditorAssembliesLoaded (0ms)
			ExecutionOrderSort2 (0ms)
			AwakeInstancesAfterBackupRestoration (0ms)
Platform modules already initialized, skipping
Registering precompiled user dll's ...
Registered in 0.003101 seconds.
Begin MonoManager ReloadAssembly
Native extension for WindowsStandalone target not found
Refreshing native plugins compatible for Editor in 61.88 ms, found 3 plugins.
Preloading 0 native plugins for Editor in 0.00 ms.
Mono: successfully reloaded assembly
- Completed reload, in  1.808 seconds
Domain Reload Profiling:
	ReloadAssembly (1809ms)
		BeginReloadAssembly (207ms)
			ExecutionOrderSort (0ms)
			DisableScriptedObjects (6ms)
			BackupInstance (0ms)
			ReleaseScriptingObjects (0ms)
			CreateAndSetChildDomain (26ms)
		EndReloadAssembly (1523ms)
			LoadAssemblies (166ms)
			RebuildTransferFunctionScriptingTraits (0ms)
			SetupTypeCache (408ms)
			ReleaseScriptCaches (0ms)
			RebuildScriptCaches (70ms)
			SetupLoadedEditorAssemblies (720ms)
				LogAssemblyErrors (0ms)
				InitializePlatformSupportModulesInManaged (5ms)
				SetLoadedEditorAssemblies (0ms)
				RefreshPlugins (62ms)
				BeforeProcessingInitializeOnLoad (85ms)
				ProcessInitializeOnLoadAttributes (548ms)
				ProcessInitializeOnLoadMethodAttributes (8ms)
				AfterProcessingInitializeOnLoad (11ms)
				EditorAssembliesLoaded (0ms)
			ExecutionOrderSort2 (0ms)
			AwakeInstancesAfterBackupRestoration (12ms)
Platform modules already initialized, skipping
========================================================================
Worker process is ready to serve import requests
Launched and connected shader compiler UnityShaderCompiler.exe after 0.08 seconds
Refreshing native plugins compatible for Editor in 0.55 ms, found 3 plugins.
Preloading 0 native plugins for Editor in 0.00 ms.
Unloading 1945 Unused Serialized files (Serialized files now loaded: 0)
System memory in use before: 112.7 MB.
System memory in use after: 112.8 MB.

Unloading 19 unused Assets to reduce memory usage. Loaded Objects now: 2407.
Total: 5.206800 ms (FindLiveObjects: 0.194000 ms CreateObjectMapping: 0.098500 ms MarkObjects: 4.808700 ms  DeleteObjects: 0.104200 ms)

AssetImportParameters requested are different than current active one (requested -> active):
  custom:framework-win-MediaFoundation: 216162199b28c13a410421893ffa2e32 -> 
  custom:video-decoder-ogg-theora: a1e56fd34408186e4bbccfd4996cb3dc -> 
  custom:container-muxer-webm: aa71ff27fc2769a1b78a27578f13a17b -> 
  custom:container-demuxer-webm: 4f35f7cbe854078d1ac9338744f61a02 -> 
  custom:container-demuxer-ogg: 62fdf1f143b41e24485cea50d1cbac27 -> 
  custom:video-encoder-webm-vp8: eb34c28f22e8b96e1ab97ce403110664 -> 
  custom:video-decoder-webm-vp8: 9c59270c3fd7afecdb556c50c9e8de78 -> 
  custom:audio-decoder-ogg-vorbis: bf7c407c2cedff20999df2af8eb42d56 -> 
  custom:audio-encoder-webm-vorbis: bf7c407c2cedff20999df2af8eb42d56 -> 
========================================================================
Received Import Request.
  path: Assets/XR Rig.prefab
  artifactKey: Guid(17ed19b27c7ea2048b329c0755a63d4a) Importer(815301076,1909f56bfc062723c751e8b465ee728b)
Start importing Assets/XR Rig.prefab using Guid(17ed19b27c7ea2048b329c0755a63d4a) Importer(815301076,1909f56bfc062723c751e8b465ee728b)  -> (artifact id: 'ea57698e48ecd68b497d72273928f4b5') in 0.317662 seconds 
========================================================================
Received Import Request.
  Time since last request: 42.175156 seconds.
  path: Assets/Objects/Handgun_fbx_7.4_binary.fbx
  artifactKey: Guid(b56cce4970b069947b7fe8aeb8b56496) Importer(815301076,1909f56bfc062723c751e8b465ee728b)
Start importing Assets/Objects/Handgun_fbx_7.4_binary.fbx using Guid(b56cce4970b069947b7fe8aeb8b56496) Importer(815301076,1909f56bfc062723c751e8b465ee728b)  -> (artifact id: 'eb92790f77ecbfd1b4fa705452c22bf3') in 0.696214 seconds 
========================================================================
Received Import Request.
  Time since last request: 0.000474 seconds.
  path: Assets/Objects/VintageRadio.FBX
  artifactKey: Guid(6d66d67456d76be42a14c90e996ffbc4) Importer(815301076,1909f56bfc062723c751e8b465ee728b)
Start importing Assets/Objects/VintageRadio.FBX using Guid(6d66d67456d76be42a14c90e996ffbc4) Importer(815301076,1909f56bfc062723c751e8b465ee728b)  -> (artifact id: '657df75330665c60d7162005a073eef8') in 0.286141 seconds 
========================================================================
Received Import Request.
  Time since last request: 1.266370 seconds.
  path: Assets/Objects/Drawer
  artifactKey: Guid(ebf2e39b64654fc4a8b16bfc4c2d2720) Importer(815301076,1909f56bfc062723c751e8b465ee728b)
Start importing Assets/Objects/Drawer using Guid(ebf2e39b64654fc4a8b16bfc4c2d2720) Importer(815301076,1909f56bfc062723c751e8b465ee728b)  -> (artifact id: '49fbdf74ff3257728089aee2a80d5bcf') in 0.008060 seconds 
========================================================================
Received Import Request.
  Time since last request: 0.035428 seconds.
  path: Assets/Objects/Drawer/dulap.fbx
  artifactKey: Guid(aca0538d1884a5a418999bd859223fce) Importer(815301076,1909f56bfc062723c751e8b465ee728b)
Start importing Assets/Objects/Drawer/dulap.fbx using Guid(aca0538d1884a5a418999bd859223fce) Importer(815301076,1909f56bfc062723c751e8b465ee728b)  -> (artifact id: '4d507593f26c33f4047f834b843b4615') in 0.095280 seconds 
========================================================================
Received Import Request.
  Time since last request: 0.000362 seconds.
  path: Assets/Objects/Drawer/dulapAnimatii.fbx
  artifactKey: Guid(bccc57dc0fd7b7f4da194ec90836e3a7) Importer(815301076,1909f56bfc062723c751e8b465ee728b)
Start importing Assets/Objects/Drawer/dulapAnimatii.fbx using Guid(bccc57dc0fd7b7f4da194ec90836e3a7) Importer(815301076,1909f56bfc062723c751e8b465ee728b)  -> (artifact id: 'b4c4b9c07831283569aedf3cdf665839') in 0.087395 seconds 
========================================================================
Received Import Request.
  Time since last request: 83.639545 seconds.
  path: Assets/Textures/Table/Albedo.png
  artifactKey: Guid(b57daed3a7d0298459b0e2b3f01bc607) Importer(815301076,1909f56bfc062723c751e8b465ee728b)
Start importing Assets/Textures/Table/Albedo.png using Guid(b57daed3a7d0298459b0e2b3f01bc607) Importer(815301076,1909f56bfc062723c751e8b465ee728b)  -> (artifact id: '7d2992a3d8edcea1f91d5b9cf1afeebe') in 0.090034 seconds 
========================================================================
Received Import Request.
  Time since last request: 91.745066 seconds.
  path: Assets/Objects/Drawer/New Animator Controller.controller
  artifactKey: Guid(b9cc2f09d5035bf49b6bd23a176da12a) Importer(815301076,1909f56bfc062723c751e8b465ee728b)
Start importing Assets/Objects/Drawer/New Animator Controller.controller using Guid(b9cc2f09d5035bf49b6bd23a176da12a) Importer(815301076,1909f56bfc062723c751e8b465ee728b)  -> (artifact id: '520ad925e9475c63ca644be7e78f6d79') in 0.011048 seconds 
========================================================================
Received Import Request.
  Time since last request: 77.840156 seconds.
  path: Assets/Objects/Drawer/dulap.fbx
  artifactKey: Guid(aca0538d1884a5a418999bd859223fce) Importer(815301076,1909f56bfc062723c751e8b465ee728b)
Start importing Assets/Objects/Drawer/dulap.fbx using Guid(aca0538d1884a5a418999bd859223fce) Importer(815301076,1909f56bfc062723c751e8b465ee728b)  -> (artifact id: 'c4f5f17373b9149877c5064f04e3334d') in 0.097616 seconds 
========================================================================
Received Prepare
Registering precompiled user dll's ...
Registered in 0.028580 seconds.
Begin MonoManager ReloadAssembly
Native extension for WindowsStandalone target not found
Refreshing native plugins compatible for Editor in 0.59 ms, found 3 plugins.
Preloading 0 native plugins for Editor in 0.00 ms.
Mono: successfully reloaded assembly
- Completed reload, in  1.985 seconds
Domain Reload Profiling:
	ReloadAssembly (1987ms)
		BeginReloadAssembly (248ms)
			ExecutionOrderSort (0ms)
			DisableScriptedObjects (10ms)
			BackupInstance (0ms)
			ReleaseScriptingObjects (0ms)
			CreateAndSetChildDomain (74ms)
		EndReloadAssembly (1619ms)
			LoadAssemblies (176ms)
			RebuildTransferFunctionScriptingTraits (0ms)
			SetupTypeCache (564ms)
			ReleaseScriptCaches (2ms)
			RebuildScriptCaches (73ms)
			SetupLoadedEditorAssemblies (610ms)
				LogAssemblyErrors (0ms)
				InitializePlatformSupportModulesInManaged (7ms)
				SetLoadedEditorAssemblies (1ms)
				RefreshPlugins (1ms)
				BeforeProcessingInitializeOnLoad (72ms)
				ProcessInitializeOnLoadAttributes (509ms)
				ProcessInitializeOnLoadMethodAttributes (8ms)
				AfterProcessingInitializeOnLoad (12ms)
				EditorAssembliesLoaded (0ms)
			ExecutionOrderSort2 (0ms)
			AwakeInstancesAfterBackupRestoration (24ms)
Platform modules already initialized, skipping
Refreshing native plugins compatible for Editor in 0.67 ms, found 3 plugins.
Preloading 0 native plugins for Editor in 0.00 ms.
Unloading 1934 Unused Serialized files (Serialized files now loaded: 0)
System memory in use before: 144.9 MB.
System memory in use after: 145.0 MB.

Unloading 13 unused Assets to reduce memory usage. Loaded Objects now: 2469.
Total: 5.264300 ms (FindLiveObjects: 0.197300 ms CreateObjectMapping: 0.087500 ms MarkObjects: 4.885400 ms  DeleteObjects: 0.089700 ms)

AssetImportParameters requested are different than current active one (requested -> active):
  custom:framework-win-MediaFoundation: 216162199b28c13a410421893ffa2e32 -> 
  custom:video-decoder-ogg-theora: a1e56fd34408186e4bbccfd4996cb3dc -> 
  custom:container-muxer-webm: aa71ff27fc2769a1b78a27578f13a17b -> 
  custom:container-demuxer-webm: 4f35f7cbe854078d1ac9338744f61a02 -> 
  custom:container-demuxer-ogg: 62fdf1f143b41e24485cea50d1cbac27 -> 
  custom:video-encoder-webm-vp8: eb34c28f22e8b96e1ab97ce403110664 -> 
  custom:video-decoder-webm-vp8: 9c59270c3fd7afecdb556c50c9e8de78 -> 
  custom:audio-decoder-ogg-vorbis: bf7c407c2cedff20999df2af8eb42d56 -> 
  custom:audio-encoder-webm-vorbis: bf7c407c2cedff20999df2af8eb42d56 -> 
AssetImportWorkerClient::OnTransportError - code=2 error=End of file
