Using pre-set license
Built from '2020.3/staging' branch; Version is '2020.3.19f1 (68f137dc9bbe) revision 6877495'; Using compiler version '192528614'; Build Type 'Release'
OS: 'Windows 10 Home; OS build 19043.1348; Version 2009; 64bit' Language: 'en' Physical Memory: 7986 MB
BatchMode: 1, IsHumanControllingUs: 0, StartBugReporterOnCrash: 0, Is64bit: 1, IsPro: 0

COMMAND LINE ARGUMENTS:
C:\Program Files\Unity\Hub\Editor\2020.3.19f1\Editor\Unity.exe
-adb2
-batchMode
-noUpm
-name
AssetImportWorker0
-projectPath
C:/Users/adeli/OneDrive/Desktop/IRM/Escape-Room/EscapeRoom
-logFile
Logs/AssetImportWorker0.log
-srvPort
54717
Successfully changed project path to: C:/Users/adeli/OneDrive/Desktop/IRM/Escape-Room/EscapeRoom
C:/Users/adeli/OneDrive/Desktop/IRM/Escape-Room/EscapeRoom
Using Asset Import Pipeline V2.
Refreshing native plugins compatible for Editor in 63.38 ms, found 3 plugins.
Preloading 0 native plugins for Editor in 0.00 ms.
Initialize engine version: 2020.3.19f1 (68f137dc9bbe)
[Subsystems] Discovering subsystems at path C:/Program Files/Unity/Hub/Editor/2020.3.19f1/Editor/Data/Resources/UnitySubsystems
[Subsystems] Discovering subsystems at path C:/Users/adeli/OneDrive/Desktop/IRM/Escape-Room/EscapeRoom/Assets
GfxDevice: creating device client; threaded=0
Direct3D:
    Version:  Direct3D 11.0 [level 11.1]
    Renderer: NVIDIA GeForce GTX 1050 Ti (ID=0x1c8c)
    Vendor:   
    VRAM:     4018 MB
    Driver:   27.21.14.6231
Initialize mono
Mono path[0] = 'C:/Program Files/Unity/Hub/Editor/2020.3.19f1/Editor/Data/Managed'
Mono path[1] = 'C:/Program Files/Unity/Hub/Editor/2020.3.19f1/Editor/Data/MonoBleedingEdge/lib/mono/unityjit'
Mono config path = 'C:/Program Files/Unity/Hub/Editor/2020.3.19f1/Editor/Data/MonoBleedingEdge/etc'
Using monoOptions --debugger-agent=transport=dt_socket,embedding=1,server=y,suspend=n,address=127.0.0.1:56096
Begin MonoManager ReloadAssembly
Registering precompiled unity dll's ...
Register platform support module: C:/Program Files/Unity/Hub/Editor/2020.3.19f1/Editor/Data/PlaybackEngines/WindowsStandaloneSupport/UnityEditor.WindowsStandalone.Extensions.dll
Registered in 0.004273 seconds.
Native extension for WindowsStandalone target not found
Refreshing native plugins compatible for Editor in 40.04 ms, found 3 plugins.
Preloading 0 native plugins for Editor in 0.00 ms.
Mono: successfully reloaded assembly
- Completed reload, in  4.240 seconds
Domain Reload Profiling:
	ReloadAssembly (4240ms)
		BeginReloadAssembly (114ms)
			ExecutionOrderSort (0ms)
			DisableScriptedObjects (0ms)
			BackupInstance (0ms)
			ReleaseScriptingObjects (0ms)
			CreateAndSetChildDomain (1ms)
		EndReloadAssembly (560ms)
			LoadAssemblies (111ms)
			RebuildTransferFunctionScriptingTraits (0ms)
			SetupTypeCache (229ms)
			ReleaseScriptCaches (0ms)
			RebuildScriptCaches (36ms)
			SetupLoadedEditorAssemblies (191ms)
				LogAssemblyErrors (0ms)
				InitializePlatformSupportModulesInManaged (4ms)
				SetLoadedEditorAssemblies (0ms)
				RefreshPlugins (40ms)
				BeforeProcessingInitializeOnLoad (13ms)
				ProcessInitializeOnLoadAttributes (98ms)
				ProcessInitializeOnLoadMethodAttributes (36ms)
				AfterProcessingInitializeOnLoad (0ms)
				EditorAssembliesLoaded (0ms)
			ExecutionOrderSort2 (0ms)
			AwakeInstancesAfterBackupRestoration (0ms)
Platform modules already initialized, skipping
Registering precompiled user dll's ...
Registered in 0.012236 seconds.
Begin MonoManager ReloadAssembly
Native extension for WindowsStandalone target not found
Refreshing native plugins compatible for Editor in 46.01 ms, found 3 plugins.
Preloading 0 native plugins for Editor in 0.00 ms.
Mono: successfully reloaded assembly
- Completed reload, in  1.639 seconds
Domain Reload Profiling:
	ReloadAssembly (1640ms)
		BeginReloadAssembly (184ms)
			ExecutionOrderSort (0ms)
			DisableScriptedObjects (4ms)
			BackupInstance (0ms)
			ReleaseScriptingObjects (0ms)
			CreateAndSetChildDomain (29ms)
		EndReloadAssembly (1386ms)
			LoadAssemblies (124ms)
			RebuildTransferFunctionScriptingTraits (0ms)
			SetupTypeCache (466ms)
			ReleaseScriptCaches (0ms)
			RebuildScriptCaches (46ms)
			SetupLoadedEditorAssemblies (622ms)
				LogAssemblyErrors (0ms)
				InitializePlatformSupportModulesInManaged (4ms)
				SetLoadedEditorAssemblies (0ms)
				RefreshPlugins (46ms)
				BeforeProcessingInitializeOnLoad (94ms)
				ProcessInitializeOnLoadAttributes (461ms)
				ProcessInitializeOnLoadMethodAttributes (6ms)
				AfterProcessingInitializeOnLoad (10ms)
				EditorAssembliesLoaded (1ms)
			ExecutionOrderSort2 (0ms)
			AwakeInstancesAfterBackupRestoration (8ms)
Platform modules already initialized, skipping
========================================================================
Worker process is ready to serve import requests
Launched and connected shader compiler UnityShaderCompiler.exe after 0.40 seconds
Refreshing native plugins compatible for Editor in 0.41 ms, found 3 plugins.
Preloading 0 native plugins for Editor in 0.00 ms.
Unloading 1942 Unused Serialized files (Serialized files now loaded: 0)
System memory in use before: 111.0 MB.
System memory in use after: 111.1 MB.

Unloading 19 unused Assets to reduce memory usage. Loaded Objects now: 2388.
Total: 11.867300 ms (FindLiveObjects: 2.610300 ms CreateObjectMapping: 0.522100 ms MarkObjects: 8.561100 ms  DeleteObjects: 0.168900 ms)

AssetImportParameters requested are different than current active one (requested -> active):
  custom:framework-win-MediaFoundation: 216162199b28c13a410421893ffa2e32 -> 
  custom:video-decoder-ogg-theora: a1e56fd34408186e4bbccfd4996cb3dc -> 
  custom:container-muxer-webm: aa71ff27fc2769a1b78a27578f13a17b -> 
  custom:container-demuxer-webm: 4f35f7cbe854078d1ac9338744f61a02 -> 
  custom:container-demuxer-ogg: 62fdf1f143b41e24485cea50d1cbac27 -> 
  custom:video-encoder-webm-vp8: eb34c28f22e8b96e1ab97ce403110664 -> 
  custom:video-decoder-webm-vp8: 9c59270c3fd7afecdb556c50c9e8de78 -> 
  custom:audio-decoder-ogg-vorbis: bf7c407c2cedff20999df2af8eb42d56 -> 
  custom:audio-encoder-webm-vorbis: bf7c407c2cedff20999df2af8eb42d56 -> 
========================================================================
Received Import Request.
  path: Assets/XR Rig.prefab
  artifactKey: Guid(17ed19b27c7ea2048b329c0755a63d4a) Importer(815301076,1909f56bfc062723c751e8b465ee728b)
Start importing Assets/XR Rig.prefab using Guid(17ed19b27c7ea2048b329c0755a63d4a) Importer(815301076,1909f56bfc062723c751e8b465ee728b)  -> (artifact id: 'd9e32872e369717eef65ba4a7a8a587f') in 0.448842 seconds 
  Import took 0.455405 seconds .

========================================================================
Received Prepare
Registering precompiled user dll's ...
Registered in 0.018611 seconds.
Begin MonoManager ReloadAssembly
Native extension for WindowsStandalone target not found
Refreshing native plugins compatible for Editor in 0.99 ms, found 3 plugins.
Preloading 0 native plugins for Editor in 0.00 ms.
Mono: successfully reloaded assembly
- Completed reload, in  2.508 seconds
Domain Reload Profiling:
	ReloadAssembly (2511ms)
		BeginReloadAssembly (269ms)
			ExecutionOrderSort (0ms)
			DisableScriptedObjects (8ms)
			BackupInstance (0ms)
			ReleaseScriptingObjects (0ms)
			CreateAndSetChildDomain (104ms)
		EndReloadAssembly (2099ms)
			LoadAssemblies (286ms)
			RebuildTransferFunctionScriptingTraits (0ms)
			SetupTypeCache (717ms)
			ReleaseScriptCaches (2ms)
			RebuildScriptCaches (105ms)
			SetupLoadedEditorAssemblies (805ms)
				LogAssemblyErrors (0ms)
				InitializePlatformSupportModulesInManaged (6ms)
				SetLoadedEditorAssemblies (0ms)
				RefreshPlugins (1ms)
				BeforeProcessingInitializeOnLoad (109ms)
				ProcessInitializeOnLoadAttributes (665ms)
				ProcessInitializeOnLoadMethodAttributes (14ms)
				AfterProcessingInitializeOnLoad (9ms)
				EditorAssembliesLoaded (0ms)
			ExecutionOrderSort2 (0ms)
			AwakeInstancesAfterBackupRestoration (23ms)
Platform modules already initialized, skipping
Refreshing native plugins compatible for Editor in 1.80 ms, found 3 plugins.
Preloading 0 native plugins for Editor in 0.00 ms.
Unloading 1930 Unused Serialized files (Serialized files now loaded: 0)
System memory in use before: 130.2 MB.
System memory in use after: 130.3 MB.

Unloading 12 unused Assets to reduce memory usage. Loaded Objects now: 2398.
Total: 3.679000 ms (FindLiveObjects: 0.253500 ms CreateObjectMapping: 0.093500 ms MarkObjects: 3.309300 ms  DeleteObjects: 0.020300 ms)

AssetImportParameters requested are different than current active one (requested -> active):
  custom:framework-win-MediaFoundation: 216162199b28c13a410421893ffa2e32 -> 
  custom:video-decoder-ogg-theora: a1e56fd34408186e4bbccfd4996cb3dc -> 
  custom:container-muxer-webm: aa71ff27fc2769a1b78a27578f13a17b -> 
  custom:container-demuxer-webm: 4f35f7cbe854078d1ac9338744f61a02 -> 
  custom:container-demuxer-ogg: 62fdf1f143b41e24485cea50d1cbac27 -> 
  custom:video-encoder-webm-vp8: eb34c28f22e8b96e1ab97ce403110664 -> 
  custom:video-decoder-webm-vp8: 9c59270c3fd7afecdb556c50c9e8de78 -> 
  custom:audio-decoder-ogg-vorbis: bf7c407c2cedff20999df2af8eb42d56 -> 
  custom:audio-encoder-webm-vorbis: bf7c407c2cedff20999df2af8eb42d56 -> 
========================================================================
Received Import Request.
  Time since last request: 119.022806 seconds.
  path: Assets/Objects/Statues
  artifactKey: Guid(cf8481b16ef3b5f47b5d1a04777a7fc1) Importer(815301076,1909f56bfc062723c751e8b465ee728b)
Start importing Assets/Objects/Statues using Guid(cf8481b16ef3b5f47b5d1a04777a7fc1) Importer(815301076,1909f56bfc062723c751e8b465ee728b)  -> (artifact id: '222b3c9ad158b9ffe2059a64e5df8d47') in 0.011647 seconds 
  Import took 0.018232 seconds .

========================================================================
Received Import Request.
  Time since last request: 5.015790 seconds.
  path: Assets/Objects/Statues/statue.fbx
  artifactKey: Guid(ae73dc2e6725e9f4e9ce1c63b9af5e22) Importer(815301076,1909f56bfc062723c751e8b465ee728b)
Start importing Assets/Objects/Statues/statue.fbx using Guid(ae73dc2e6725e9f4e9ce1c63b9af5e22) Importer(815301076,1909f56bfc062723c751e8b465ee728b)  -> (artifact id: '1bcd60420e71b32370718893b2c131c6') in 0.467089 seconds 
  Import took 0.473318 seconds .

========================================================================
Received Import Request.
  Time since last request: 218.114526 seconds.
  path: Assets/Materials/New Material.mat
  artifactKey: Guid(c4b1b7f6ba4411244b6433f3b8605e3f) Importer(815301076,1909f56bfc062723c751e8b465ee728b)
Start importing Assets/Materials/New Material.mat using Guid(c4b1b7f6ba4411244b6433f3b8605e3f) Importer(815301076,1909f56bfc062723c751e8b465ee728b)  -> (artifact id: '3c9b43a280abf6a5a935132585fa176f') in 0.204327 seconds 
  Import took 0.209362 seconds .

========================================================================
Received Import Request.
  Time since last request: 0.000307 seconds.
  path: Assets/Materials/New Render Texture.renderTexture
  artifactKey: Guid(9516d3ad9fb896c47b5c2e409cc2e263) Importer(815301076,1909f56bfc062723c751e8b465ee728b)
Start importing Assets/Materials/New Render Texture.renderTexture using Guid(9516d3ad9fb896c47b5c2e409cc2e263) Importer(815301076,1909f56bfc062723c751e8b465ee728b)  -> (artifact id: '0a83b460acb7b623ffadadbaa85dc565') in 0.143186 seconds 
  Import took 0.149839 seconds .

========================================================================
Received Import Request.
  Time since last request: 4.239624 seconds.
  path: Assets/Materials/Statues
  artifactKey: Guid(4845b35cd789f9943a41d40628d5f15f) Importer(815301076,1909f56bfc062723c751e8b465ee728b)
Start importing Assets/Materials/Statues using Guid(4845b35cd789f9943a41d40628d5f15f) Importer(815301076,1909f56bfc062723c751e8b465ee728b)  -> (artifact id: 'f6d42ea46edb1b2a7beecce2ade48172') in 0.004454 seconds 
  Import took 0.012376 seconds .

========================================================================
Received Import Request.
  Time since last request: 12.275167 seconds.
  path: Assets/Materials/Statues/Podium.jpg
  artifactKey: Guid(fc14d954d6891f9439fea3d805a750fd) Importer(815301076,1909f56bfc062723c751e8b465ee728b)
Start importing Assets/Materials/Statues/Podium.jpg using Guid(fc14d954d6891f9439fea3d805a750fd) Importer(815301076,1909f56bfc062723c751e8b465ee728b)  -> (artifact id: 'f62f77bc5bdeebadb0f285349191dfad') in 0.049305 seconds 
  Import took 0.057346 seconds .

========================================================================
Received Import Request.
  Time since last request: 0.001575 seconds.
  path: Assets/Materials/Statues/Statue.jpg
  artifactKey: Guid(7a440825a4ec60f429d5acd23a2eaeff) Importer(815301076,1909f56bfc062723c751e8b465ee728b)
Start importing Assets/Materials/Statues/Statue.jpg using Guid(7a440825a4ec60f429d5acd23a2eaeff) Importer(815301076,1909f56bfc062723c751e8b465ee728b)  -> (artifact id: '0330f910e535c9e668056d80a8db44d8') in 0.054791 seconds 
  Import took 0.117308 seconds .

========================================================================
Received Import Request.
  Time since last request: 11.675695 seconds.
  path: Assets/Materials/Statues/Statue1.mat
  artifactKey: Guid(93984c72c73f2974e8c59c7d0c6ee6e7) Importer(815301076,1909f56bfc062723c751e8b465ee728b)
Start importing Assets/Materials/Statues/Statue1.mat using Guid(93984c72c73f2974e8c59c7d0c6ee6e7) Importer(815301076,1909f56bfc062723c751e8b465ee728b)  -> (artifact id: 'd6bf2ffcaa97c3e763ad891c74aab692') in 0.074489 seconds 
  Import took 0.078618 seconds .

========================================================================
Received Import Request.
  Time since last request: 91.544682 seconds.
  path: Assets/Materials/Statues/Statue1.1.mat
  artifactKey: Guid(4f1058f38cf0f4a47b5e924f20d6959d) Importer(815301076,1909f56bfc062723c751e8b465ee728b)
Start importing Assets/Materials/Statues/Statue1.1.mat using Guid(4f1058f38cf0f4a47b5e924f20d6959d) Importer(815301076,1909f56bfc062723c751e8b465ee728b)  -> (artifact id: '9797fb6a02cf559bf80a18e01af6abe9') in 0.031067 seconds 
  Import took 0.039327 seconds .

========================================================================
Received Import Request.
  Time since last request: 87.257517 seconds.
  path: Assets/Objects/Statues/statue1.fbx
  artifactKey: Guid(81efdba56a9d636408b8efc2efa4a2d6) Importer(815301076,1909f56bfc062723c751e8b465ee728b)
Start importing Assets/Objects/Statues/statue1.fbx using Guid(81efdba56a9d636408b8efc2efa4a2d6) Importer(815301076,1909f56bfc062723c751e8b465ee728b)  -> (artifact id: '9f9390971f4c228d63eb482cb5960952') in 0.229154 seconds 
  Import took 0.267396 seconds .

========================================================================
Received Import Request.
  Time since last request: 0.001338 seconds.
  path: Assets/Objects/Statues/statue2.fbx
  artifactKey: Guid(adf7ba3d6452eb64a8269413fd99c054) Importer(815301076,1909f56bfc062723c751e8b465ee728b)
Start importing Assets/Objects/Statues/statue2.fbx using Guid(adf7ba3d6452eb64a8269413fd99c054) Importer(815301076,1909f56bfc062723c751e8b465ee728b)  -> (artifact id: '193c8f47be3ef37e37e9149c19293432') in 0.091296 seconds 
  Import took 0.105341 seconds .

========================================================================
Received Import Request.
  Time since last request: 68.600424 seconds.
  path: Assets/Materials/Suitcase/Suitcase.mat
  artifactKey: Guid(49b9c8f8d90c8094196a6677c1ed4007) Importer(815301076,1909f56bfc062723c751e8b465ee728b)
Start importing Assets/Materials/Suitcase/Suitcase.mat using Guid(49b9c8f8d90c8094196a6677c1ed4007) Importer(815301076,1909f56bfc062723c751e8b465ee728b)  -> (artifact id: 'f42742329f79cfdd0768a6bf97f0e170') in 0.270743 seconds 
  Import took 0.280221 seconds .

========================================================================
Received Import Request.
  Time since last request: 20.864861 seconds.
  path: Assets/Materials/Statues/12339_Statue_diff.jpg
  artifactKey: Guid(0bb6fd89286b5a74eb94b810afaede4a) Importer(815301076,1909f56bfc062723c751e8b465ee728b)
Start importing Assets/Materials/Statues/12339_Statue_diff.jpg using Guid(0bb6fd89286b5a74eb94b810afaede4a) Importer(815301076,1909f56bfc062723c751e8b465ee728b)  -> (artifact id: '227e33304b83639dea9e991b044b1796') in 0.053434 seconds 
  Import took 0.065274 seconds .

========================================================================
Received Import Request.
  Time since last request: 1.923170 seconds.
  path: Assets/Materials/Statues/TheThinker_Diffuse.jpg
  artifactKey: Guid(558b2843dc052c0409aed83f256625f3) Importer(815301076,1909f56bfc062723c751e8b465ee728b)
Start importing Assets/Materials/Statues/TheThinker_Diffuse.jpg using Guid(558b2843dc052c0409aed83f256625f3) Importer(815301076,1909f56bfc062723c751e8b465ee728b)  -> (artifact id: '484d18f72689f99ecbf37886d8c20f52') in 0.017506 seconds 
  Import took 0.021907 seconds .

========================================================================
Received Import Request.
  Time since last request: 20.575639 seconds.
  path: Assets/Materials/Statues/Statue2.mat
  artifactKey: Guid(33a87f186be0d6e43b08ff5f0b13faf7) Importer(815301076,1909f56bfc062723c751e8b465ee728b)
Start importing Assets/Materials/Statues/Statue2.mat using Guid(33a87f186be0d6e43b08ff5f0b13faf7) Importer(815301076,1909f56bfc062723c751e8b465ee728b)  -> (artifact id: '29675858e5c64c1fd67bb58c8c617c4f') in 0.027172 seconds 
  Import took 0.039018 seconds .

========================================================================
Received Import Request.
  Time since last request: 123.620567 seconds.
  path: Assets/Materials/Statues/Statue3.mat
  artifactKey: Guid(1ce8979b35b93ba46a45521f3177260f) Importer(815301076,1909f56bfc062723c751e8b465ee728b)
Start importing Assets/Materials/Statues/Statue3.mat using Guid(1ce8979b35b93ba46a45521f3177260f) Importer(815301076,1909f56bfc062723c751e8b465ee728b)  -> (artifact id: 'e733700474680baee90ec30be04c80fb') in 0.013563 seconds 
  Import took 0.021634 seconds .

========================================================================
Received Import Request.
  Time since last request: 42.453139 seconds.
  path: Assets/Objects/Door
  artifactKey: Guid(b10bd50f7c92c654bb4ce06e954c0d1d) Importer(815301076,1909f56bfc062723c751e8b465ee728b)
Start importing Assets/Objects/Door using Guid(b10bd50f7c92c654bb4ce06e954c0d1d) Importer(815301076,1909f56bfc062723c751e8b465ee728b)  -> (artifact id: '373c061e1e64f7fdeb0ddc9c3a8cf3ec') in 0.008691 seconds 
  Import took 0.016168 seconds .

========================================================================
Received Import Request.
  Time since last request: 16.955616 seconds.
  path: Assets/Objects/Door/door.fbx
  artifactKey: Guid(cbc21d4044cdfe94e9f19a9399278477) Importer(815301076,1909f56bfc062723c751e8b465ee728b)
Start importing Assets/Objects/Door/door.fbx using Guid(cbc21d4044cdfe94e9f19a9399278477) Importer(815301076,1909f56bfc062723c751e8b465ee728b)  -> (artifact id: '4b5f30c7dfd2124eb584b3629c051ac4') in 0.269961 seconds 
  Import took 0.281221 seconds .

========================================================================
Received Import Request.
  Time since last request: 187.530161 seconds.
  path: Assets/Objects/Document
  artifactKey: Guid(62fd55d6331a4064b9cd3d625c8b69d9) Importer(815301076,1909f56bfc062723c751e8b465ee728b)
Start importing Assets/Objects/Document using Guid(62fd55d6331a4064b9cd3d625c8b69d9) Importer(815301076,1909f56bfc062723c751e8b465ee728b)  -> (artifact id: '48f489ac7028990043207d513931b1a0') in 0.017784 seconds 
  Import took 0.025192 seconds .

========================================================================
Received Import Request.
  Time since last request: 3.162857 seconds.
  path: Assets/Objects/Document/dosar.fbx
  artifactKey: Guid(c956586873dc2bc4daadb2a1287f7e6f) Importer(815301076,1909f56bfc062723c751e8b465ee728b)
Start importing Assets/Objects/Document/dosar.fbx using Guid(c956586873dc2bc4daadb2a1287f7e6f) Importer(815301076,1909f56bfc062723c751e8b465ee728b)  -> (artifact id: '0e5c4fb77ea1be833db6a493d680df20') in 0.089043 seconds 
  Import took 0.096875 seconds .

========================================================================
Received Import Request.
  Time since last request: 37.744355 seconds.
  path: Assets/Objects/Document/dosar.fbx
  artifactKey: Guid(c956586873dc2bc4daadb2a1287f7e6f) Importer(815301076,1909f56bfc062723c751e8b465ee728b)
Start importing Assets/Objects/Document/dosar.fbx using Guid(c956586873dc2bc4daadb2a1287f7e6f) Importer(815301076,1909f56bfc062723c751e8b465ee728b)  -> (artifact id: '11a37615fc29e7b6689c7afec222ca70') in 0.044893 seconds 
  Import took 0.052353 seconds .

========================================================================
Received Prepare
Registering precompiled user dll's ...
Registered in 0.004170 seconds.
Begin MonoManager ReloadAssembly
Native extension for WindowsStandalone target not found
Refreshing native plugins compatible for Editor in 0.83 ms, found 3 plugins.
Preloading 0 native plugins for Editor in 0.00 ms.
Mono: successfully reloaded assembly
- Completed reload, in  2.041 seconds
Domain Reload Profiling:
	ReloadAssembly (2042ms)
		BeginReloadAssembly (257ms)
			ExecutionOrderSort (0ms)
			DisableScriptedObjects (7ms)
			BackupInstance (0ms)
			ReleaseScriptingObjects (0ms)
			CreateAndSetChildDomain (126ms)
		EndReloadAssembly (1657ms)
			LoadAssemblies (175ms)
			RebuildTransferFunctionScriptingTraits (0ms)
			SetupTypeCache (560ms)
			ReleaseScriptCaches (1ms)
			RebuildScriptCaches (79ms)
			SetupLoadedEditorAssemblies (663ms)
				LogAssemblyErrors (0ms)
				InitializePlatformSupportModulesInManaged (6ms)
				SetLoadedEditorAssemblies (1ms)
				RefreshPlugins (1ms)
				BeforeProcessingInitializeOnLoad (154ms)
				ProcessInitializeOnLoadAttributes (482ms)
				ProcessInitializeOnLoadMethodAttributes (10ms)
				AfterProcessingInitializeOnLoad (8ms)
				EditorAssembliesLoaded (1ms)
			ExecutionOrderSort2 (0ms)
			AwakeInstancesAfterBackupRestoration (8ms)
Platform modules already initialized, skipping
Refreshing native plugins compatible for Editor in 0.63 ms, found 3 plugins.
Preloading 0 native plugins for Editor in 0.00 ms.
Unloading 1930 Unused Serialized files (Serialized files now loaded: 0)
System memory in use before: 139.4 MB.
System memory in use after: 139.5 MB.

Unloading 13 unused Assets to reduce memory usage. Loaded Objects now: 2441.
Total: 4.343600 ms (FindLiveObjects: 1.046400 ms CreateObjectMapping: 0.169300 ms MarkObjects: 3.096100 ms  DeleteObjects: 0.028800 ms)

AssetImportParameters requested are different than current active one (requested -> active):
  custom:framework-win-MediaFoundation: 216162199b28c13a410421893ffa2e32 -> 
  custom:video-decoder-ogg-theora: a1e56fd34408186e4bbccfd4996cb3dc -> 
  custom:container-muxer-webm: aa71ff27fc2769a1b78a27578f13a17b -> 
  custom:container-demuxer-webm: 4f35f7cbe854078d1ac9338744f61a02 -> 
  custom:container-demuxer-ogg: 62fdf1f143b41e24485cea50d1cbac27 -> 
  custom:video-encoder-webm-vp8: eb34c28f22e8b96e1ab97ce403110664 -> 
  custom:video-decoder-webm-vp8: 9c59270c3fd7afecdb556c50c9e8de78 -> 
  custom:audio-decoder-ogg-vorbis: bf7c407c2cedff20999df2af8eb42d56 -> 
  custom:audio-encoder-webm-vorbis: bf7c407c2cedff20999df2af8eb42d56 -> 
========================================================================
Received Import Request.
  Time since last request: 199.221150 seconds.
  path: Assets/Materials/Document
  artifactKey: Guid(bbb4c04fd25b0a040ad8a3a4b7ce38ec) Importer(815301076,1909f56bfc062723c751e8b465ee728b)
Start importing Assets/Materials/Document using Guid(bbb4c04fd25b0a040ad8a3a4b7ce38ec) Importer(815301076,1909f56bfc062723c751e8b465ee728b)  -> (artifact id: 'a3cf19d1efd075302b3fea4bb0e32665') in 0.010615 seconds 
  Import took 0.016865 seconds .

========================================================================
Received Import Request.
  Time since last request: 8.852797 seconds.
  path: Assets/Materials/Document/258494490_923524684929660_1875095288026395077_n.png
  artifactKey: Guid(0e7dbaf9313e2c043848af62d857fe23) Importer(815301076,1909f56bfc062723c751e8b465ee728b)
Start importing Assets/Materials/Document/258494490_923524684929660_1875095288026395077_n.png using Guid(0e7dbaf9313e2c043848af62d857fe23) Importer(815301076,1909f56bfc062723c751e8b465ee728b)  -> (artifact id: 'b1307a703f70a52a5273269f4b4c4c4b') in 0.069806 seconds 
  Import took 0.074369 seconds .

========================================================================
Received Import Request.
  Time since last request: 0.000313 seconds.
  path: Assets/Materials/Document/Folders_Metallic.png
  artifactKey: Guid(c4cc0bc53142d3f4b9b300c0d20abab8) Importer(815301076,1909f56bfc062723c751e8b465ee728b)
Start importing Assets/Materials/Document/Folders_Metallic.png using Guid(c4cc0bc53142d3f4b9b300c0d20abab8) Importer(815301076,1909f56bfc062723c751e8b465ee728b)  -> (artifact id: '30a835ff4044e2c8cd3896ce4115603b') in 0.022493 seconds 
  Import took 0.026346 seconds .

========================================================================
Received Import Request.
  Time since last request: 0.000297 seconds.
  path: Assets/Materials/Document/Folder_Roughness.jpeg
  artifactKey: Guid(429cb704eb8da3f42af8924e43b5a742) Importer(815301076,1909f56bfc062723c751e8b465ee728b)
Start importing Assets/Materials/Document/Folder_Roughness.jpeg using Guid(429cb704eb8da3f42af8924e43b5a742) Importer(815301076,1909f56bfc062723c751e8b465ee728b)  -> (artifact id: 'fd57c5fce1c1d87beec1466b8e03af36') in 0.040280 seconds 
  Import took 0.044382 seconds .

========================================================================
Received Import Request.
  Time since last request: 0.000329 seconds.
  path: Assets/Materials/Document/Folder_Diffuse(Green+Black).jpeg
  artifactKey: Guid(c3523ca24a1966f42b4c7fef437eed77) Importer(815301076,1909f56bfc062723c751e8b465ee728b)
Start importing Assets/Materials/Document/Folder_Diffuse(Green+Black).jpeg using Guid(c3523ca24a1966f42b4c7fef437eed77) Importer(815301076,1909f56bfc062723c751e8b465ee728b)  -> (artifact id: '0cdcc18a1b5b2a314b844678437e7e44') in 0.065067 seconds 
  Import took 0.074731 seconds .

========================================================================
Received Import Request.
  Time since last request: 12.819408 seconds.
  path: Assets/Materials/Document/Document.mat
  artifactKey: Guid(6eb037e06a7966441a2bf130f367447b) Importer(815301076,1909f56bfc062723c751e8b465ee728b)
Start importing Assets/Materials/Document/Document.mat using Guid(6eb037e06a7966441a2bf130f367447b) Importer(815301076,1909f56bfc062723c751e8b465ee728b)  -> (artifact id: 'a6bd5e63a2fd62d580d997b04189529b') in 0.063782 seconds 
  Import took 0.071603 seconds .

========================================================================
Received Import Request.
  Time since last request: 33.347516 seconds.
  path: Assets/Materials/Document/Document.mat
  artifactKey: Guid(6eb037e06a7966441a2bf130f367447b) Importer(815301076,1909f56bfc062723c751e8b465ee728b)
Start importing Assets/Materials/Document/Document.mat using Guid(6eb037e06a7966441a2bf130f367447b) Importer(815301076,1909f56bfc062723c751e8b465ee728b)  -> (artifact id: 'f938d026297e9b72ed3eb80d818676bd') in 0.041319 seconds 
  Import took 0.050111 seconds .

========================================================================
Received Import Request.
  Time since last request: 126.465115 seconds.
  path: Assets/Objects/Mozaic
  artifactKey: Guid(39541f82a68f0db478df943017384410) Importer(815301076,1909f56bfc062723c751e8b465ee728b)
Start importing Assets/Objects/Mozaic using Guid(39541f82a68f0db478df943017384410) Importer(815301076,1909f56bfc062723c751e8b465ee728b)  -> (artifact id: '759a315d9807628880f4f781ac8694dc') in 0.020101 seconds 
  Import took 0.030094 seconds .

========================================================================
Received Import Request.
  Time since last request: 13.881531 seconds.
  path: Assets/Objects/Mozaic/geam_transparent.fbx
  artifactKey: Guid(25b1e53b783809c4485a167b68aa2c1c) Importer(815301076,1909f56bfc062723c751e8b465ee728b)
Start importing Assets/Objects/Mozaic/geam_transparent.fbx using Guid(25b1e53b783809c4485a167b68aa2c1c) Importer(815301076,1909f56bfc062723c751e8b465ee728b)  -> (artifact id: '7e18749d2e8543d1dde2a888eb6ab2cf') in 0.066502 seconds 
  Import took 0.070032 seconds .

========================================================================
Received Import Request.
  Time since last request: 24.618723 seconds.
  path: Assets/Objects/Mozaic/doamneajuta.fbx
  artifactKey: Guid(936620dc6b6638b44b402efa174cd39f) Importer(815301076,1909f56bfc062723c751e8b465ee728b)
Start importing Assets/Objects/Mozaic/doamneajuta.fbx using Guid(936620dc6b6638b44b402efa174cd39f) Importer(815301076,1909f56bfc062723c751e8b465ee728b)  -> (artifact id: '9922a0a1e83365f63ab913718bf140f1') in 0.035371 seconds 
  Import took 0.048529 seconds .

========================================================================
Received Import Request.
  Time since last request: 8.798021 seconds.
  path: Assets/Objects/Mozaic/text.png
  artifactKey: Guid(3f199dc960337184db644454601dc9dc) Importer(815301076,1909f56bfc062723c751e8b465ee728b)
Start importing Assets/Objects/Mozaic/text.png using Guid(3f199dc960337184db644454601dc9dc) Importer(815301076,1909f56bfc062723c751e8b465ee728b)  -> (artifact id: 'd62fa66b45f6bc856ac4b38d589d2e6a') in 0.088177 seconds 
  Import took 0.107928 seconds .

========================================================================
Received Prepare
Registering precompiled user dll's ...
Registered in 0.004501 seconds.
Begin MonoManager ReloadAssembly
Native extension for WindowsStandalone target not found
Refreshing native plugins compatible for Editor in 0.43 ms, found 3 plugins.
Preloading 0 native plugins for Editor in 0.00 ms.
Mono: successfully reloaded assembly
- Completed reload, in  1.260 seconds
Domain Reload Profiling:
	ReloadAssembly (1261ms)
		BeginReloadAssembly (122ms)
			ExecutionOrderSort (0ms)
			DisableScriptedObjects (4ms)
			BackupInstance (0ms)
			ReleaseScriptingObjects (0ms)
			CreateAndSetChildDomain (40ms)
		EndReloadAssembly (1079ms)
			LoadAssemblies (97ms)
			RebuildTransferFunctionScriptingTraits (0ms)
			SetupTypeCache (279ms)
			ReleaseScriptCaches (1ms)
			RebuildScriptCaches (38ms)
			SetupLoadedEditorAssemblies (555ms)
				LogAssemblyErrors (0ms)
				InitializePlatformSupportModulesInManaged (5ms)
				SetLoadedEditorAssemblies (0ms)
				RefreshPlugins (0ms)
				BeforeProcessingInitializeOnLoad (82ms)
				ProcessInitializeOnLoadAttributes (457ms)
				ProcessInitializeOnLoadMethodAttributes (4ms)
				AfterProcessingInitializeOnLoad (6ms)
				EditorAssembliesLoaded (0ms)
			ExecutionOrderSort2 (0ms)
			AwakeInstancesAfterBackupRestoration (6ms)
Platform modules already initialized, skipping
Refreshing native plugins compatible for Editor in 0.45 ms, found 3 plugins.
Preloading 0 native plugins for Editor in 0.00 ms.
Unloading 1930 Unused Serialized files (Serialized files now loaded: 0)
System memory in use before: 130.7 MB.
System memory in use after: 130.9 MB.

Unloading 12 unused Assets to reduce memory usage. Loaded Objects now: 2445.
Total: 3.289900 ms (FindLiveObjects: 0.253400 ms CreateObjectMapping: 0.068500 ms MarkObjects: 2.944100 ms  DeleteObjects: 0.017700 ms)

AssetImportParameters requested are different than current active one (requested -> active):
  custom:framework-win-MediaFoundation: 216162199b28c13a410421893ffa2e32 -> 
  custom:video-decoder-ogg-theora: a1e56fd34408186e4bbccfd4996cb3dc -> 
  custom:container-muxer-webm: aa71ff27fc2769a1b78a27578f13a17b -> 
  custom:container-demuxer-webm: 4f35f7cbe854078d1ac9338744f61a02 -> 
  custom:container-demuxer-ogg: 62fdf1f143b41e24485cea50d1cbac27 -> 
  custom:video-encoder-webm-vp8: eb34c28f22e8b96e1ab97ce403110664 -> 
  custom:video-decoder-webm-vp8: 9c59270c3fd7afecdb556c50c9e8de78 -> 
  custom:audio-decoder-ogg-vorbis: bf7c407c2cedff20999df2af8eb42d56 -> 
  custom:audio-encoder-webm-vorbis: bf7c407c2cedff20999df2af8eb42d56 -> 
========================================================================
Received Import Request.
  Time since last request: 381.915521 seconds.
  path: Assets/Materials/textura cu scris.png
  artifactKey: Guid(c8eb170e8c705e9419e22b1afcda9397) Importer(815301076,1909f56bfc062723c751e8b465ee728b)
Start importing Assets/Materials/textura cu scris.png using Guid(c8eb170e8c705e9419e22b1afcda9397) Importer(815301076,1909f56bfc062723c751e8b465ee728b)  -> (artifact id: '1a984c96a71298d108a269108299059c') in 0.079761 seconds 
  Import took 0.090976 seconds .

